-- The C compiler identification is GNU 9.4.0
-- The CXX compiler identification is GNU 9.4.0
-- Check for working C compiler: /usr/bin/cc
-- Check for working C compiler: /usr/bin/cc -- works
-- Detecting C compiler ABI info
-- Detecting C compiler ABI info - done
-- Detecting C compile features
-- Detecting C compile features - done
-- Check for working CXX compiler: /usr/bin/c++
-- Check for working CXX compiler: /usr/bin/c++ -- works
-- Detecting CXX compiler ABI info
-- Detecting CXX compiler ABI info - done
-- Detecting CXX compile features
-- Detecting CXX compile features - done
-- Configuring done
-- Generating done
-- Build files have been written to: /home/unitree/106a_final/src/d1_sdk/build/marm_code
[35m[1mScanning dependencies of target joint_enable_control[0m
[35m[1mScanning dependencies of target get_arm_joint_angle[0m
[35m[1mScanning dependencies of target multiple_joint_angle_control[0m
[35m[1mScanning dependencies of target arm_zero_control[0m
[ 18%] [32mBuilding CXX object CMakeFiles/arm_zero_control.dir/src/arm_zero_control.cpp.o[0m
[ 18%] [32mBuilding CXX object CMakeFiles/joint_enable_control.dir/src/joint_enable_control.cpp.o[0m
[ 18%] [32mBuilding CXX object CMakeFiles/get_arm_joint_angle.dir/src/get_arm_joint_angle.cpp.o[0m
[ 25%] [32mBuilding CXX object CMakeFiles/multiple_joint_angle_control.dir/src/multiple_joint_angle_control.cpp.o[0m
[ 31%] [32mBuilding CXX object CMakeFiles/multiple_joint_angle_control.dir/src/msg/ArmString_.cpp.o[0m
[ 37%] [32mBuilding CXX object CMakeFiles/joint_enable_control.dir/src/msg/ArmString_.cpp.o[0m
[ 43%] [32mBuilding CXX object CMakeFiles/arm_zero_control.dir/src/msg/ArmString_.cpp.o[0m
[ 50%] [32m[1mLinking CXX executable multiple_joint_angle_control[0m
[ 56%] [32m[1mLinking CXX executable joint_enable_control[0m
[ 62%] [32m[1mLinking CXX executable arm_zero_control[0m
[ 62%] Built target multiple_joint_angle_control
[35m[1mScanning dependencies of target joint_angle_control[0m
[ 62%] Built target joint_enable_control
[ 75%] [32mBuilding CXX object CMakeFiles/get_arm_joint_angle.dir/src/msg/ArmString_.cpp.o[0m
[ 75%] [32mBuilding CXX object CMakeFiles/joint_angle_control.dir/src/joint_angle_control.cpp.o[0m
[ 75%] Built target arm_zero_control
[ 81%] [32mBuilding CXX object CMakeFiles/get_arm_joint_angle.dir/src/msg/PubServoInfo_.cpp.o[0m
[ 87%] [32mBuilding CXX object CMakeFiles/joint_angle_control.dir/src/msg/ArmString_.cpp.o[0m
[ 93%] [32m[1mLinking CXX executable get_arm_joint_angle[0m
[ 93%] Built target get_arm_joint_angle
[100%] [32m[1mLinking CXX executable joint_angle_control[0m
[100%] Built target joint_angle_control
