[0.330s] Invoking command in '/home/unitree/106a_final/src/d1_sdk/build/marm_code': /usr/bin/cmake /home/unitree/106a_final/src/d1_sdk -DCMAKE_INSTALL_PREFIX=/home/unitree/106a_final/src/d1_sdk/install/marm_code
[0.454s] -- The C compiler identification is GNU 9.4.0
[0.560s] -- The CXX compiler identification is GNU 9.4.0
[0.571s] -- Check for working C compiler: /usr/bin/cc
[0.701s] -- Check for working C compiler: /usr/bin/cc -- works
[0.703s] -- Detecting C compiler ABI info
[0.839s] -- Detecting C compiler ABI info - done
[0.875s] -- Detecting C compile features
[0.875s] -- Detecting C compile features - done
[0.882s] -- Check for working CXX compiler: /usr/bin/c++
[1.026s] -- Check for working CXX compiler: /usr/bin/c++ -- works
[1.030s] -- Detecting CXX compiler ABI info
[1.183s] -- Detecting CXX compiler ABI info - done
[1.216s] -- Detecting CXX compile features
[1.217s] -- Detecting CXX compile features - done
[1.220s] -- Configuring done
[1.232s] -- Generating done
[1.236s] -- Build files have been written to: /home/unitree/106a_final/src/d1_sdk/build/marm_code
[1.243s] Invoked command in '/home/unitree/106a_final/src/d1_sdk/build/marm_code' returned '0': /usr/bin/cmake /home/unitree/106a_final/src/d1_sdk -DCMAKE_INSTALL_PREFIX=/home/unitree/106a_final/src/d1_sdk/install/marm_code
[1.251s] Invoking command in '/home/unitree/106a_final/src/d1_sdk/build/marm_code': /usr/bin/cmake --build /home/unitree/106a_final/src/d1_sdk/build/marm_code -- -j4 -l4
[1.331s] [35m[1mScanning dependencies of target joint_enable_control[0m
[1.331s] [35m[1mScanning dependencies of target get_arm_joint_angle[0m
[1.331s] [35m[1mScanning dependencies of target multiple_joint_angle_control[0m
[1.332s] [35m[1mScanning dependencies of target arm_zero_control[0m
[1.360s] [ 18%] [32mBuilding CXX object CMakeFiles/arm_zero_control.dir/src/arm_zero_control.cpp.o[0m
[1.361s] [ 18%] [32mBuilding CXX object CMakeFiles/joint_enable_control.dir/src/joint_enable_control.cpp.o[0m
[1.361s] [ 18%] [32mBuilding CXX object CMakeFiles/get_arm_joint_angle.dir/src/get_arm_joint_angle.cpp.o[0m
[1.361s] [ 25%] [32mBuilding CXX object CMakeFiles/multiple_joint_angle_control.dir/src/multiple_joint_angle_control.cpp.o[0m
[6.045s] [ 31%] [32mBuilding CXX object CMakeFiles/multiple_joint_angle_control.dir/src/msg/ArmString_.cpp.o[0m
[6.083s] [ 37%] [32mBuilding CXX object CMakeFiles/joint_enable_control.dir/src/msg/ArmString_.cpp.o[0m
[6.121s] [ 43%] [32mBuilding CXX object CMakeFiles/arm_zero_control.dir/src/msg/ArmString_.cpp.o[0m
[7.383s] [ 50%] [32m[1mLinking CXX executable multiple_joint_angle_control[0m
[7.425s] [ 56%] [32m[1mLinking CXX executable joint_enable_control[0m
[7.443s] [ 62%] [32m[1mLinking CXX executable arm_zero_control[0m
[8.063s] [ 62%] Built target multiple_joint_angle_control
[8.088s] [35m[1mScanning dependencies of target joint_angle_control[0m
[8.094s] [ 62%] Built target joint_enable_control
[8.115s] [ 75%] [32mBuilding CXX object CMakeFiles/get_arm_joint_angle.dir/src/msg/ArmString_.cpp.o[0m
[8.116s] [ 75%] [32mBuilding CXX object CMakeFiles/joint_angle_control.dir/src/joint_angle_control.cpp.o[0m
[8.134s] [ 75%] Built target arm_zero_control
[8.157s] [ 81%] [32mBuilding CXX object CMakeFiles/get_arm_joint_angle.dir/src/msg/PubServoInfo_.cpp.o[0m
[9.236s] [ 87%] [32mBuilding CXX object CMakeFiles/joint_angle_control.dir/src/msg/ArmString_.cpp.o[0m
[9.486s] [ 93%] [32m[1mLinking CXX executable get_arm_joint_angle[0m
[10.189s] [ 93%] Built target get_arm_joint_angle
[12.537s] [100%] [32m[1mLinking CXX executable joint_angle_control[0m
[13.097s] [100%] Built target joint_angle_control
[13.123s] Invoked command in '/home/unitree/106a_final/src/d1_sdk/build/marm_code' returned '0': /usr/bin/cmake --build /home/unitree/106a_final/src/d1_sdk/build/marm_code -- -j4 -l4
